C:\Users\leonardogcsoares\Desktop\Trabalho SDA\Trabalho\tcpserver\tcpserver\Debug\cl.command.1.tlog
C:\Users\leonardogcsoares\Desktop\Trabalho SDA\Trabalho\tcpserver\tcpserver\Debug\CL.read.1.tlog
C:\Users\leonardogcsoares\Desktop\Trabalho SDA\Trabalho\tcpserver\tcpserver\Debug\CL.write.1.tlog
C:\Users\leonardogcsoares\Desktop\Trabalho SDA\Trabalho\tcpserver\tcpserver\Debug\link.8088.read.1.tlog
C:\Users\leonardogcsoares\Desktop\Trabalho SDA\Trabalho\tcpserver\tcpserver\Debug\link.8088.write.1.tlog
C:\Users\leonardogcsoares\Desktop\Trabalho SDA\Trabalho\tcpserver\tcpserver\Debug\link.8088-cvtres.read.1.tlog
C:\Users\leonardogcsoares\Desktop\Trabalho SDA\Trabalho\tcpserver\tcpserver\Debug\link.8088-cvtres.write.1.tlog
C:\Users\leonardogcsoares\Desktop\Trabalho SDA\Trabalho\tcpserver\tcpserver\Debug\link.command.1.tlog
C:\Users\leonardogcsoares\Desktop\Trabalho SDA\Trabalho\tcpserver\tcpserver\Debug\link.read.1.tlog
C:\Users\leonardogcsoares\Desktop\Trabalho SDA\Trabalho\tcpserver\tcpserver\Debug\link.write.1.tlog
C:\Users\leonardogcsoares\Desktop\Trabalho SDA\Trabalho\tcpserver\tcpserver\Debug\link-cvtres.read.1.tlog
C:\Users\leonardogcsoares\Desktop\Trabalho SDA\Trabalho\tcpserver\tcpserver\Debug\link-cvtres.write.1.tlog
C:\Users\leonardogcsoares\Desktop\Trabalho SDA\Trabalho\tcpserver\tcpserver\Debug\mt.command.1.tlog
C:\Users\leonardogcsoares\Desktop\Trabalho SDA\Trabalho\tcpserver\tcpserver\Debug\mt.read.1.tlog
C:\Users\leonardogcsoares\Desktop\Trabalho SDA\Trabalho\tcpserver\tcpserver\Debug\mt.write.1.tlog
C:\Users\leonardogcsoares\Desktop\Trabalho SDA\Trabalho\tcpserver\tcpserver\Debug\rc.command.1.tlog
C:\Users\leonardogcsoares\Desktop\Trabalho SDA\Trabalho\tcpserver\tcpserver\Debug\rc.read.1.tlog
C:\Users\leonardogcsoares\Desktop\Trabalho SDA\Trabalho\tcpserver\tcpserver\Debug\rc.write.1.tlog
C:\USERS\LEONARDOGCSOARES\DESKTOP\TRABALHO SDA\TRABALHO\TCPSERVER\TCPSERVER\DEBUG\STDAFX.OBJ
C:\USERS\LEONARDOGCSOARES\DESKTOP\TRABALHO SDA\TRABALHO\TCPSERVER\TCPSERVER\DEBUG\TCPSERVER.EXE
C:\USERS\LEONARDOGCSOARES\DESKTOP\TRABALHO SDA\TRABALHO\TCPSERVER\TCPSERVER\DEBUG\TCPSERVER.EXE.EMBED.MANIFEST
C:\USERS\LEONARDOGCSOARES\DESKTOP\TRABALHO SDA\TRABALHO\TCPSERVER\TCPSERVER\DEBUG\TCPSERVER.EXE.EMBED.MANIFEST.RES
C:\USERS\LEONARDOGCSOARES\DESKTOP\TRABALHO SDA\TRABALHO\TCPSERVER\TCPSERVER\DEBUG\TCPSERVER.EXE.INTERMEDIATE.MANIFEST
C:\USERS\LEONARDOGCSOARES\DESKTOP\TRABALHO SDA\TRABALHO\TCPSERVER\TCPSERVER\DEBUG\TCPSERVER.ILK
C:\USERS\LEONARDOGCSOARES\DESKTOP\TRABALHO SDA\TRABALHO\TCPSERVER\TCPSERVER\DEBUG\TCPSERVER.PCH
C:\USERS\LEONARDOGCSOARES\DESKTOP\TRABALHO SDA\TRABALHO\TCPSERVER\TCPSERVER\DEBUG\TCPSERVER.PDB
C:\Users\leonardogcsoares\Desktop\Trabalho SDA\Trabalho\tcpserver\tcpserver\Debug\tcpserver.vcxprojResolveAssemblyReference.cache
C:\Users\leonardogcsoares\Desktop\Trabalho SDA\Trabalho\tcpserver\tcpserver\Debug\tcpserver.write.1.tlog
C:\Users\leonardogcsoares\Desktop\Trabalho SDA\Trabalho\tcpserver\tcpserver\Debug\tcpserver_manifest.rc
C:\Users\leonardogcsoares\Desktop\Trabalho SDA\Trabalho\tcpserver\tcpserver\Debug\vc100.idb
C:\USERS\LEONARDOGCSOARES\DESKTOP\TRABALHO SDA\TRABALHO\TCPSERVER\TCPSERVER\DEBUG\VC100.PDB
