Build started 5/25/2016 3:39:33 PM.
     1>Project "C:\Users\leonardogcsoares\Desktop\Trabalho SDA\Trabalho\tcpclient\tcpclient\tcpclient.vcxproj" on node 2 (build target(s)).
     1>InitializeBuildStatus:
         Creating "Debug\tcpclient.unsuccessfulbuild" because "AlwaysCreate" was specified.
       ClCompile:
         C:\Program Files (x86)\Microsoft Visual Studio 10.0\VC\bin\CL.exe /c /Zi /nologo /W3 /WX- /Od /Oy- /D WIN32 /D _DEBUG /D _CONSOLE /Gm /EHsc /RTC1 /MDd /GS /fp:precise /Zc:wchar_t /Zc:forScope /Fo"Debug\\" /Fd"Debug\vc100.pdb" /Gd /TP /analyze- /errorReport:prompt cliente_tcp.cpp
         cliente_tcp.cpp
       ManifestResourceCompile:
         All outputs are up-to-date.
       Link:
         C:\Program Files (x86)\Microsoft Visual Studio 10.0\VC\bin\link.exe /ERRORREPORT:PROMPT /OUT:"C:\Users\leonardogcsoares\Desktop\Trabalho SDA\Trabalho\tcpclient\tcpclient\Debug\tcpclient.exe" /INCREMENTAL /NOLOGO Ws2_32.lib kernel32.lib user32.lib gdi32.lib winspool.lib comdlg32.lib advapi32.lib shell32.lib ole32.lib oleaut32.lib uuid.lib odbc32.lib odbccp32.lib /MANIFEST /ManifestFile:"Debug\tcpclient.exe.intermediate.manifest" /MANIFESTUAC:"level='asInvoker' uiAccess='false'" /DEBUG /PDB:"C:\Users\leonardogcsoares\Desktop\Trabalho SDA\Trabalho\tcpclient\tcpclient\Debug\tcpclient.pdb" /SUBSYSTEM:CONSOLE /TLBID:1 /DYNAMICBASE /NXCOMPAT /IMPLIB:"C:\Users\leonardogcsoares\Desktop\Trabalho SDA\Trabalho\tcpclient\tcpclient\Debug\tcpclient.lib" /MACHINE:X86 Debug\tcpclient.exe.embed.manifest.res
         Debug\cliente_tcp.obj
       Manifest:
         C:\Program Files (x86)\Microsoft SDKs\Windows\v7.0A\bin\mt.exe /nologo /verbose /out:"Debug\tcpclient.exe.embed.manifest" /manifest Debug\tcpclient.exe.intermediate.manifest
         All outputs are up-to-date.
       LinkEmbedManifest:
         All outputs are up-to-date.
         tcpclient.vcxproj -> C:\Users\leonardogcsoares\Desktop\Trabalho SDA\Trabalho\tcpclient\tcpclient\Debug\tcpclient.exe
       FinalizeBuildStatus:
         Deleting file "Debug\tcpclient.unsuccessfulbuild".
         Touching "Debug\tcpclient.lastbuildstate".
     1>Done Building Project "C:\Users\leonardogcsoares\Desktop\Trabalho SDA\Trabalho\tcpclient\tcpclient\tcpclient.vcxproj" (build target(s)).

Build succeeded.

Time Elapsed 00:00:01.50
