C:\Users\leonardogcsoares\Desktop\Trabalho SDA\Trabalho\tcpclient\tcpclient\Debug\cl.command.1.tlog
C:\Users\leonardogcsoares\Desktop\Trabalho SDA\Trabalho\tcpclient\tcpclient\Debug\CL.read.1.tlog
C:\Users\leonardogcsoares\Desktop\Trabalho SDA\Trabalho\tcpclient\tcpclient\Debug\CL.write.1.tlog
C:\USERS\LEONARDOGCSOARES\DESKTOP\TRABALHO SDA\TRABALHO\TCPCLIENT\TCPCLIENT\DEBUG\CLIENTE_TCP.OBJ
C:\Users\leonardogcsoares\Desktop\Trabalho SDA\Trabalho\tcpclient\tcpclient\Debug\link.7424.read.1.tlog
C:\Users\leonardogcsoares\Desktop\Trabalho SDA\Trabalho\tcpclient\tcpclient\Debug\link.7424.write.1.tlog
C:\Users\leonardogcsoares\Desktop\Trabalho SDA\Trabalho\tcpclient\tcpclient\Debug\link.7424-cvtres.read.1.tlog
C:\Users\leonardogcsoares\Desktop\Trabalho SDA\Trabalho\tcpclient\tcpclient\Debug\link.7424-cvtres.write.1.tlog
C:\Users\leonardogcsoares\Desktop\Trabalho SDA\Trabalho\tcpclient\tcpclient\Debug\link.command.1.tlog
C:\Users\leonardogcsoares\Desktop\Trabalho SDA\Trabalho\tcpclient\tcpclient\Debug\link.read.1.tlog
C:\Users\leonardogcsoares\Desktop\Trabalho SDA\Trabalho\tcpclient\tcpclient\Debug\link.write.1.tlog
C:\Users\leonardogcsoares\Desktop\Trabalho SDA\Trabalho\tcpclient\tcpclient\Debug\link-cvtres.read.1.tlog
C:\Users\leonardogcsoares\Desktop\Trabalho SDA\Trabalho\tcpclient\tcpclient\Debug\link-cvtres.write.1.tlog
C:\Users\leonardogcsoares\Desktop\Trabalho SDA\Trabalho\tcpclient\tcpclient\Debug\mt.command.1.tlog
C:\Users\leonardogcsoares\Desktop\Trabalho SDA\Trabalho\tcpclient\tcpclient\Debug\mt.read.1.tlog
C:\Users\leonardogcsoares\Desktop\Trabalho SDA\Trabalho\tcpclient\tcpclient\Debug\mt.write.1.tlog
C:\Users\leonardogcsoares\Desktop\Trabalho SDA\Trabalho\tcpclient\tcpclient\Debug\rc.command.1.tlog
C:\Users\leonardogcsoares\Desktop\Trabalho SDA\Trabalho\tcpclient\tcpclient\Debug\rc.read.1.tlog
C:\Users\leonardogcsoares\Desktop\Trabalho SDA\Trabalho\tcpclient\tcpclient\Debug\rc.write.1.tlog
C:\USERS\LEONARDOGCSOARES\DESKTOP\TRABALHO SDA\TRABALHO\TCPCLIENT\TCPCLIENT\DEBUG\TCPCLIENT.EXE
C:\USERS\LEONARDOGCSOARES\DESKTOP\TRABALHO SDA\TRABALHO\TCPCLIENT\TCPCLIENT\DEBUG\TCPCLIENT.EXE.EMBED.MANIFEST
C:\USERS\LEONARDOGCSOARES\DESKTOP\TRABALHO SDA\TRABALHO\TCPCLIENT\TCPCLIENT\DEBUG\TCPCLIENT.EXE.EMBED.MANIFEST.RES
C:\USERS\LEONARDOGCSOARES\DESKTOP\TRABALHO SDA\TRABALHO\TCPCLIENT\TCPCLIENT\DEBUG\TCPCLIENT.EXE.INTERMEDIATE.MANIFEST
C:\USERS\LEONARDOGCSOARES\DESKTOP\TRABALHO SDA\TRABALHO\TCPCLIENT\TCPCLIENT\DEBUG\TCPCLIENT.ILK
C:\USERS\LEONARDOGCSOARES\DESKTOP\TRABALHO SDA\TRABALHO\TCPCLIENT\TCPCLIENT\DEBUG\TCPCLIENT.PDB
C:\Users\leonardogcsoares\Desktop\Trabalho SDA\Trabalho\tcpclient\tcpclient\Debug\tcpclient.write.1.tlog
C:\Users\leonardogcsoares\Desktop\Trabalho SDA\Trabalho\tcpclient\tcpclient\Debug\tcpclient_manifest.rc
C:\Users\leonardogcsoares\Desktop\Trabalho SDA\Trabalho\tcpclient\tcpclient\Debug\vc100.idb
C:\USERS\LEONARDOGCSOARES\DESKTOP\TRABALHO SDA\TRABALHO\TCPCLIENT\TCPCLIENT\DEBUG\VC100.PDB
